21:07 Programm gestartet
21:07 Fzg_1: Alamiert System.Windows.Forms.TextBox, Text: Einsatznummer
21:07 Fzg_1: Abmeldung System.Windows.Forms.TextBox, Text: Einsatznummer
21:07 Fzg_1: Eintreffen System.Windows.Forms.TextBox, Text: Einsatznummer
21:07 Fzg_1: Einsatzbereit System.Windows.Forms.TextBox, Text: Einsatznummer
21:07 Fzg_1: B-Raum System.Windows.Forms.TextBox, Text: Einsatznummer
21:13 Programm gestartet
21:13 Fzg_1: Alarmiert Einsatznummer
21:13 Fzg_1: Abmeldung Einsatznummer
21:13 Fzg_1: Abmeldung Einsatznummer
21:13 Fzg_2: Alarmiert Einsatznummer
21:13 Fzg_2: Abmeldung Einsatznummer
21:13 Fzg_2: Eingetroffen Einsatznummer
21:13 Fzg_3: Alarmiert Einsatznummer
21:13 Fzg_4: B-Raum Einsatznummer
21:13 Tausch: B-Raum<-->B-Raum
21:13 Tausch: B-Raum<-->B-Raum
21:20 Fzg_4: Einsatzbereit Einsatznummer
10:14 Programm gestartet
10:15 Fzg_1: Alarmiert Einsatznummer
10:15 Fzg_1: Abmeldung Einsatznummer
10:15 Fzg_1: Eintreffen Einsatznummer
15:12 Programm gestartet
15:13 Programm gestartet
15:14 Programm gestartet
15:14 Programm gestartet
15:14 Programm gestartet
15:15 Programm gestartet
15:16 Programm gestartet
15:16 Programm gestartet
15:17 Programm gestartet
22:59 Programm gestartet
22:59 Fzg_1: Alarmiert Einsatznummer
22:59 Fzg_1: Abmeldung Einsatznummer
22:59 Fzg_1: Eintreffen Einsatznummer
22:59 Fzg_1: Einsatzbereit Einsatznummer
22:59 Fzg_1: B-Raum Einsatznummer
22:59 Fzg_1: Alarmiert Einsatznummer
22:59 Fzg_1: Abmeldung Einsatznummer
22:59 Fzg_1: Eintreffen Einsatznummer
22:59 Fzg_1: Einsatzbereit Einsatznummer
22:59 Fzg_1: B-Raum Einsatznummer
